etc\lcc.c(39): Error! E1009: Expecting ')' but found 'int'
etc\lcc.c(39): Error! E1026: Invalid declarator
etc\lcc.c(39): Error! E1009: Expecting ';' but found ')'
etc\lcc.c(39): Error! E1061: Expecting data or function declaration, but found ')'
etc\lcc.c(39): Error! E1026: Invalid declarator
etc\lcc.c(81): Error! E1063: Missing operand
etc\lcc.c(81): Error! E1009: Expecting ')' but found '__interrupt'
etc\lcc.c(81): Note! I2002: 'signal' defined in: C:\apps\WATCOM\H\signal.h(69)
etc\lcc.c(81): Error! E1151: Parameter count does not agree with previous definition
etc\lcc.c(81): Error! E1009: Expecting ';' but found ')'
etc\lcc.c(83): Error! E1063: Missing operand
etc\lcc.c(83): Error! E1009: Expecting ')' but found '__interrupt'
etc\lcc.c(83): Note! I2002: 'signal' defined in: C:\apps\WATCOM\H\signal.h(69)
etc\lcc.c(83): Error! E1151: Parameter count does not agree with previous definition
etc\lcc.c(83): Error! E1009: Expecting ';' but found ')'
etc\lcc.c(286): Warning! W131: No prototype found for function '_spawnvp'
etc\lcc.c(286): Error! E1011: Symbol '_P_WAIT' has not been declared
etc\lcc.c(557): Error! E1009: Expecting ')' but found 'int'
etc\lcc.c(557): Error! E1026: Invalid declarator
etc\lcc.c(557): Error! E1009: Expecting ';' but found 'n'
etc\lcc.c(557): Warning! W132: No storage class or type specified
etc\lcc.c(557): Error! E1009: Expecting ';' but found ')'
etc\lcc.c(557): Error! E1061: Expecting data or function declaration, but found ')'
etc\lcc.c(557): Error! E1026: Invalid declarator
etc\lcc.c(557): Error! E1147: Too many errors: compilation aborted
